18:41:30 **** Incremental Build of configuration Debug for project BLE_AT_Server ****
make -j12 all 
arm-none-eabi-gcc "../Utilities/tiny_lpm/stm32_lpm.c" -mcpu=cortex-m4 -std=gnu11 -g3 -DDEBUG -DUSE_STM32WBXX_NUCLEO -DSTM32WB55xx -DUSE_HAL_DRIVER -c -I../../Core/Inc -I../../../../../../../Drivers/BSP/Components/stm32wb_at -I../../STM32_WPAN/App -I../../../../../../../Drivers/STM32WBxx_HAL_Driver/Inc -I../../../../../../../Drivers/STM32WBxx_HAL_Driver/Inc/Legacy -I../../../../../../../Middlewares/ST/STM32_WPAN -I../../../../../../../Middlewares/ST/STM32_WPAN/interface/patterns/ble_thread -I../../../../../../../Middlewares/ST/STM32_WPAN/interface/patterns/ble_thread/tl -I../../../../../../../Middlewares/ST/STM32_WPAN/interface/patterns/ble_thread/shci -I../../../../../../../Middlewares/ST/STM32_WPAN/ble/core -I../../../../../../../Middlewares/ST/STM32_WPAN/ble/core/auto -I../../../../../../../Middlewares/ST/STM32_WPAN/ble/core/template -I../../../../../../../Middlewares/ST/STM32_WPAN/ble/svc/Inc -I../../../../../../../Middlewares/ST/STM32_WPAN/ble/svc/Src -I../../../../../../../Drivers/CMSIS/Device/ST/STM32WBxx/Include -I../../../../../../../Utilities/sequencer -I../../../../../../../Middlewares/ST/STM32_WPAN/ble -I../../../../../../../Drivers/CMSIS/Include -I../../../../../../../Drivers/BSP/P-NUCLEO-WB55.Nucleo -I"/home/ubuntu/DRIVE/UPC/Desarrollos/REVEHRS/Programas/STM32/BLE_AT_Server/STM32CubeIDE/Utilities" -O0 -ffunction-sections -fdata-sections -Wall -fstack-usage -fcyclomatic-complexity -MMD -MP -MF"Utilities/tiny_lpm/stm32_lpm.d" -MT"Utilities/tiny_lpm/stm32_lpm.o" --specs=nano.specs -mfpu=fpv4-sp-d16 -mfloat-abi=hard -mthumb -o "Utilities/tiny_lpm/stm32_lpm.o"
arm-none-eabi-gcc "../Utilities/tiny_lpm/stm32_lpm_if_template.c" -mcpu=cortex-m4 -std=gnu11 -g3 -DDEBUG -DUSE_STM32WBXX_NUCLEO -DSTM32WB55xx -DUSE_HAL_DRIVER -c -I../../Core/Inc -I../../../../../../../Drivers/BSP/Components/stm32wb_at -I../../STM32_WPAN/App -I../../../../../../../Drivers/STM32WBxx_HAL_Driver/Inc -I../../../../../../../Drivers/STM32WBxx_HAL_Driver/Inc/Legacy -I../../../../../../../Middlewares/ST/STM32_WPAN -I../../../../../../../Middlewares/ST/STM32_WPAN/interface/patterns/ble_thread -I../../../../../../../Middlewares/ST/STM32_WPAN/interface/patterns/ble_thread/tl -I../../../../../../../Middlewares/ST/STM32_WPAN/interface/patterns/ble_thread/shci -I../../../../../../../Middlewares/ST/STM32_WPAN/ble/core -I../../../../../../../Middlewares/ST/STM32_WPAN/ble/core/auto -I../../../../../../../Middlewares/ST/STM32_WPAN/ble/core/template -I../../../../../../../Middlewares/ST/STM32_WPAN/ble/svc/Inc -I../../../../../../../Middlewares/ST/STM32_WPAN/ble/svc/Src -I../../../../../../../Drivers/CMSIS/Device/ST/STM32WBxx/Include -I../../../../../../../Utilities/sequencer -I../../../../../../../Middlewares/ST/STM32_WPAN/ble -I../../../../../../../Drivers/CMSIS/Include -I../../../../../../../Drivers/BSP/P-NUCLEO-WB55.Nucleo -I"/home/ubuntu/DRIVE/UPC/Desarrollos/REVEHRS/Programas/STM32/BLE_AT_Server/STM32CubeIDE/Utilities" -O0 -ffunction-sections -fdata-sections -Wall -fstack-usage -fcyclomatic-complexity -MMD -MP -MF"Utilities/tiny_lpm/stm32_lpm_if_template.d" -MT"Utilities/tiny_lpm/stm32_lpm_if_template.o" --specs=nano.specs -mfpu=fpv4-sp-d16 -mfloat-abi=hard -mthumb -o "Utilities/tiny_lpm/stm32_lpm_if_template.o"
make: *** No rule to make target '/home/ubuntu/DRIVE/UPC/Utilities/lpm/tiny_lpm/stm32_lpm.c', needed by 'Utilities/stm32_lpm.o'.  Stop.
make: *** Waiting for unfinished jobs....
../Utilities/tiny_lpm/stm32_lpm_if_template.c:19:10: fatal error: stm32_lpm_if.h: No such file or directory
   19 | #include "stm32_lpm_if.h"
      |          ^~~~~~~~~~~~~~~~
compilation terminated.
../Utilities/tiny_lpm/stm32_lpm.c:21:10: fatal error: utilities_conf.h: No such file or directory
   21 | #include "utilities_conf.h"
      |          ^~~~~~~~~~~~~~~~~~
compilation terminated.
make: *** [Utilities/tiny_lpm/subdir.mk:22: Utilities/tiny_lpm/stm32_lpm_if_template.o] Error 1
make: *** [Utilities/tiny_lpm/subdir.mk:22: Utilities/tiny_lpm/stm32_lpm.o] Error 1
"make -j12 all" terminated with exit code 2. Build might be incomplete.

18:41:30 Build Failed. 6 errors, 0 warnings. (took 173ms)

